This is pdfTeX, Version 3.141592653-2.6-1.40.24 (TeX Live 2022/Arch Linux) (preloaded format=pdflatex 2022.6.26)  21 OCT 2022 17:59
entering extended mode
 restricted \write18 enabled.
 file:line:error style messages enabled.
 %&-line parsing enabled.
**simple_yet_useful.tex
(./simple_yet_useful.tex
LaTeX2e <2021-11-15> patch level 1
L3 programming layer <2022-04-10>

./simple_yet_useful.tex:1: LaTeX Error: Environment proposition undefined.

See the LaTeX manual or LaTeX Companion for explanation.
Type  H <return>  for immediate help.
 ...                                              
                                                  
l.1 \begin{proposition}
                       
Your command was ignored.
Type  I <command> <return>  to replace it with another command,
or  <return>  to continue without it.


./simple_yet_useful.tex:2: LaTeX Error: Missing \begin{document}.

See the LaTeX manual or LaTeX Companion for explanation.
Type  H <return>  for immediate help.
 ...                                              
                                                  
l.2   L
       et
You're in trouble here.  Try typing  <return>  to proceed.
If that doesn't work, type  X <return>  to quit.

Missing character: There is no L in font nullfont!
Missing character: There is no e in font nullfont!
Missing character: There is no t in font nullfont!
LaTeX Font Info:    External font `cmex10' loaded for size
(Font)              <7> on input line 3.
LaTeX Font Info:    External font `cmex10' loaded for size
(Font)              <5> on input line 3.
./simple_yet_useful.tex:3: Undefined control sequence.
l.3   $f : \R
             ^n \to \R$
The control sequence at the end of the top line
of your error message was never \def'ed. If you have
misspelled it (e.g., `\hobx'), type `I' and the correct
spelling (e.g., `I\hbox'). Otherwise just continue,
and I'll forget about whatever was undefined.

./simple_yet_useful.tex:3: Undefined control sequence.
l.3   $f : \R^n \to \R
                      $
The control sequence at the end of the top line
of your error message was never \def'ed. If you have
misspelled it (e.g., `\hobx'), type `I' and the correct
spelling (e.g., `I\hbox'). Otherwise just continue,
and I'll forget about whatever was undefined.

Missing character: There is no b in font nullfont!
Missing character: There is no e in font nullfont!
Missing character: There is no c in font nullfont!
Missing character: There is no o in font nullfont!
Missing character: There is no n in font nullfont!
Missing character: There is no t in font nullfont!
Missing character: There is no i in font nullfont!
Missing character: There is no n in font nullfont!
Missing character: There is no u in font nullfont!
Missing character: There is no o in font nullfont!
Missing character: There is no u in font nullfont!
Missing character: There is no s in font nullfont!
Missing character: There is no s in font nullfont!
Missing character: There is no u in font nullfont!
Missing character: There is no c in font nullfont!
Missing character: There is no h in font nullfont!
Missing character: There is no t in font nullfont!
Missing character: There is no h in font nullfont!
Missing character: There is no a in font nullfont!
Missing character: There is no t in font nullfont!
Missing character: There is no a in font nullfont!
Missing character: There is no m in font nullfont!
Missing character: There is no i in font nullfont!
Missing character: There is no n in font nullfont!
Missing character: There is no i in font nullfont!
Missing character: There is no m in font nullfont!
Missing character: There is no u in font nullfont!
Missing character: There is no m in font nullfont!
Missing character: There is no e in font nullfont!
Missing character: There is no x in font nullfont!
Missing character: There is no i in font nullfont!
Missing character: There is no s in font nullfont!
Missing character: There is no t in font nullfont!
Missing character: There is no s in font nullfont!
Missing character: There is no a in font nullfont!
Missing character: There is no n in font nullfont!
Missing character: There is no d in font nullfont!
Missing character: There is no i in font nullfont!
Missing character: There is no s in font nullfont!
Missing character: There is no u in font nullfont!
Missing character: There is no n in font nullfont!
Missing character: There is no i in font nullfont!
Missing character: There is no q in font nullfont!
Missing character: There is no u in font nullfont!
Missing character: There is no e in font nullfont!
Missing character: There is no . in font nullfont!
Missing character: There is no T in font nullfont!
Missing character: There is no h in font nullfont!
Missing character: There is no e in font nullfont!
Missing character: There is no n in font nullfont!
Missing character: There is no f in font nullfont!
Missing character: There is no o in font nullfont!
Missing character: There is no r in font nullfont!
Missing character: There is no a in font nullfont!
Missing character: There is no l in font nullfont!
Missing character: There is no l in font nullfont!
./simple_yet_useful.tex:7: Undefined control sequence.
l.7   for all $y \in \R
                       ^n$ and $C>0$
The control sequence at the end of the top line
of your error message was never \def'ed. If you have
misspelled it (e.g., `\hobx'), type `I' and the correct
spelling (e.g., `I\hbox'). Otherwise just continue,
and I'll forget about whatever was undefined.

Missing character: There is no a in font nullfont!
Missing character: There is no n in font nullfont!
Missing character: There is no d in font nullfont!
Missing character: There is no i in font nullfont!
Missing character: There is no t in font nullfont!
Missing character: There is no f in font nullfont!
Missing character: There is no o in font nullfont!
Missing character: There is no l in font nullfont!
Missing character: There is no l in font nullfont!
Missing character: There is no o in font nullfont!
Missing character: There is no w in font nullfont!
Missing character: There is no s in font nullfont!

./simple_yet_useful.tex:9: LaTeX Error: Environment gather undefined.

See the LaTeX manual or LaTeX Companion for explanation.
Type  H <return>  for immediate help.
 ...                                              
                                                  
l.9     \begin{gather}
                      
Your command was ignored.
Type  I <command> <return>  to replace it with another command,
or  <return>  to continue without it.

./simple_yet_useful.tex:10: Missing $ inserted.
<inserted text> 
                $
l.10       \inf
               _{\norm{\Delta}=C} f(y+\Delta) - f(y) > 0 \qquad
I've inserted a begin-math/end-math symbol since I think
you left one out. Proceed, with fingers crossed.

./simple_yet_useful.tex:10: Undefined control sequence.
l.10       \inf_{\norm
                      {\Delta}=C} f(y+\Delta) - f(y) > 0 \qquad
The control sequence at the end of the top line
of your error message was never \def'ed. If you have
misspelled it (e.g., `\hobx'), type `I' and the correct
spelling (e.g., `I\hbox'). Otherwise just continue,
and I'll forget about whatever was undefined.

./simple_yet_useful.tex:12: Undefined control sequence.
l.12       \norm
                {x^* - y} \le C.
The control sequence at the end of the top line
of your error message was never \def'ed. If you have
misspelled it (e.g., `\hobx'), type `I' and the correct
spelling (e.g., `I\hbox'). Otherwise just continue,
and I'll forget about whatever was undefined.


./simple_yet_useful.tex:13: LaTeX Error: \begin{document} ended by \end{gather}.

See the LaTeX manual or LaTeX Companion for explanation.
Type  H <return>  for immediate help.
 ...                                              
                                                  
l.13     \end{gather}
                     
Your command was ignored.
Type  I <command> <return>  to replace it with another command,
or  <return>  to continue without it.

./simple_yet_useful.tex:13: Missing $ inserted.
<inserted text> 
                $
l.13     \end{gather}
                     
I've inserted something that you may have forgotten.
(See the <inserted text> above.)
With luck, this will get me unwedged. But if you
really didn't forget anything, try typing `2' now; then
my insertion and my current dilemma will both disappear.


./simple_yet_useful.tex:14: LaTeX Error: \begin{document} ended by \end{proposition}.

See the LaTeX manual or LaTeX Companion for explanation.
Type  H <return>  for immediate help.
 ...                                              
                                                  
l.14 \end{proposition}
                      
Your command was ignored.
Type  I <command> <return>  to replace it with another command,
or  <return>  to continue without it.


Overfull \hbox (20.0pt too wide) in paragraph at lines 2--15
[]
 []


Overfull \hbox (26.9711pt too wide) in paragraph at lines 2--15
\OML/cmm/m/it/10 f \OT1/cmr/m/n/10 :[]\OMS/cmsy/m/n/10 !$
 []


Overfull \hbox (10.3125pt too wide) in paragraph at lines 2--15
\OML/cmm/m/it/10 x[]$
 []


Overfull \hbox (20.14932pt too wide) in paragraph at lines 2--15
\OML/cmm/m/it/10 y \OMS/cmsy/m/n/10 2[]$
 []


Overfull \hbox (18.418pt too wide) in paragraph at lines 2--15
\OML/cmm/m/it/10 C >
 []


Overfull \hbox (5.00002pt too wide) in paragraph at lines 2--15
\OT1/cmr/m/n/10 0$
 []


Overfull \hbox (56.16827pt too wide) in paragraph at lines 2--15
[][] \OML/cmm/m/it/10 f\OT1/cmr/m/n/10 (\OML/cmm/m/it/10 y \OT1/cmr/m/n/10 +
 []


Overfull \hbox (20.00006pt too wide) in paragraph at lines 2--15
\OT1/cmr/m/n/10 ^^A) \OMS/cmsy/m/n/10 ^^@
 []


Overfull \hbox (29.56717pt too wide) in paragraph at lines 2--15
\OML/cmm/m/it/10 f\OT1/cmr/m/n/10 (\OML/cmm/m/it/10 y\OT1/cmr/m/n/10 ) \OML/cmm/m/it/10 >
 []


Overfull \hbox (17.77774pt too wide) in paragraph at lines 2--15
\OT1/cmr/m/n/10 0  \OMS/cmsy/m/n/10 )
 []


Overfull \hbox (38.35175pt too wide) in paragraph at lines 2--15
[] \OMS/cmsy/m/n/10 ^^T
 []


Overfull \hbox (10.08472pt too wide) in paragraph at lines 2--15
\OML/cmm/m/it/10 C:$
 []


./simple_yet_useful.tex:16: LaTeX Error: Missing \begin{document}.

See the LaTeX manual or LaTeX Companion for explanation.
Type  H <return>  for immediate help.
 ...                                              
                                                  
l.16 S
      ince
You're in trouble here.  Try typing  <return>  to proceed.
If that doesn't work, type  X <return>  to quit.

Missing character: There is no S in font nullfont!
Missing character: There is no i in font nullfont!
Missing character: There is no n in font nullfont!
Missing character: There is no c in font nullfont!
Missing character: There is no e in font nullfont!
)
! Emergency stop.
<*> simple_yet_useful.tex
                         
*** (job aborted, no legal \end found)

 
Here is how much of TeX's memory you used:
 20 strings out of 478238
 485 string characters out of 5850456
 289994 words of memory out of 5000000
 18359 multiletter control sequences out of 15000+600000
 469259 words of font info for 28 fonts, out of 8000000 for 9000
 1141 hyphenation exceptions out of 8191
 18i,3n,12p,82b,60s stack positions out of 5000i,500n,10000p,200000b,80000s
!  ==> Fatal error occurred, no output PDF file produced!
